<?xml version="1.0" encoding="UTF-8"?>
<!-- Generated by org.testng.reporters.JUnitReportReporter -->
<testsuite hostname="GDV2DZENG" name="com.fenders.web.test.test" tests="1" failures="0" timestamp="27 Jul 2016 17:56:13 GMT" time="20.315" errors="0">
  <testcase name="test1" time="20.315" classname="com.fenders.web.test.test"/>
</testsuite> <!-- com.fenders.web.test.test -->
